<?xml version="1.0" encoding="UTF-8"?>
<!-- Generated by org.testng.reporters.JUnitReportReporter -->
<testsuite hostname="MC-CNJJ-WDP001L" name="testcase.main.TestBaidu" tests="1" failures="0" timestamp="10 Oct 2017 06:34:30 GMT" time="18.183" errors="0">
  <testcase name="demoTest" time="18.183" classname="testcase.main.TestBaidu"/>
</testsuite> <!-- testcase.main.TestBaidu -->
